/var/lib/slurm-llnl/slurmd/job2371012/slurm_script: 2: /var/lib/slurm-llnl/slurmd/job2371012/slurm_script: module: not found
'WARNING: infer_data failed for target ZNF33B' Retry (1/10). Failure caused by AssertionError().
'WARNING: infer_data failed for target ZNF33B' Retry (2/10). Failure caused by AssertionError().
'WARNING: infer_data failed for target ZNF33B' Retry (3/10). Failure caused by AssertionError().
'WARNING: infer_data failed for target ZNF33B' Retry (4/10). Failure caused by AssertionError().
'WARNING: infer_data failed for target ZNF33B' Retry (5/10). Failure caused by AssertionError().
'WARNING: infer_data failed for target ZNF33B' Retry (6/10). Failure caused by AssertionError().
'WARNING: infer_data failed for target ZNF33B' Retry (7/10). Failure caused by AssertionError().
'WARNING: infer_data failed for target ZNF33B' Retry (8/10). Failure caused by AssertionError().
'WARNING: infer_data failed for target ZNF33B' Retry (9/10). Failure caused by AssertionError().
'WARNING: infer_data failed for target ZNF33B' Retry (10/10). Failure caused by AssertionError().
'WARNING: infer_data failed for target ZNF33B' Retry (1/10). Failure caused by AssertionError().
'WARNING: infer_data failed for target ZNF33B' Retry (2/10). Failure caused by AssertionError().
'WARNING: infer_data failed for target ZNF33B' Retry (3/10). Failure caused by AssertionError().
'WARNING: infer_data failed for target ZNF33B' Retry (4/10). Failure caused by AssertionError().
'WARNING: infer_data failed for target ZNF33B' Retry (5/10). Failure caused by AssertionError().
'WARNING: infer_data failed for target ZNF33B' Retry (6/10). Failure caused by AssertionError().
'WARNING: infer_data failed for target ZNF33B' Retry (7/10). Failure caused by AssertionError().
'WARNING: infer_data failed for target ZNF33B' Retry (8/10). Failure caused by AssertionError().
'WARNING: infer_data failed for target ZNF33B' Retry (9/10). Failure caused by AssertionError().
'WARNING: infer_data failed for target ZNF33B' Retry (10/10). Failure caused by AssertionError().
Finished training LNCaP_Clone07.csv
Saved network file!
'WARNING: infer_data failed for target ZNF33B' Retry (1/10). Failure caused by AssertionError().
'WARNING: infer_data failed for target ZNF33B' Retry (2/10). Failure caused by AssertionError().
'WARNING: infer_data failed for target ZNF33B' Retry (3/10). Failure caused by AssertionError().
'WARNING: infer_data failed for target ZNF33B' Retry (4/10). Failure caused by AssertionError().
'WARNING: infer_data failed for target ZNF33B' Retry (5/10). Failure caused by AssertionError().
'WARNING: infer_data failed for target ZNF33B' Retry (6/10). Failure caused by AssertionError().
'WARNING: infer_data failed for target ZNF33B' Retry (7/10). Failure caused by AssertionError().
'WARNING: infer_data failed for target ZNF33B' Retry (8/10). Failure caused by AssertionError().
'WARNING: infer_data failed for target ZNF33B' Retry (9/10). Failure caused by AssertionError().
'WARNING: infer_data failed for target ZNF33B' Retry (10/10). Failure caused by AssertionError().
'WARNING: infer_data failed for target ZNF33B' Retry (1/10). Failure caused by AssertionError().
'WARNING: infer_data failed for target ZNF33B' Retry (2/10). Failure caused by AssertionError().
'WARNING: infer_data failed for target ZNF33B' Retry (3/10). Failure caused by AssertionError().
'WARNING: infer_data failed for target ZNF33B' Retry (4/10). Failure caused by AssertionError().
'WARNING: infer_data failed for target ZNF33B' Retry (5/10). Failure caused by AssertionError().
'WARNING: infer_data failed for target ZNF33B' Retry (6/10). Failure caused by AssertionError().
'WARNING: infer_data failed for target ZNF33B' Retry (7/10). Failure caused by AssertionError().
'WARNING: infer_data failed for target ZNF33B' Retry (8/10). Failure caused by AssertionError().
'WARNING: infer_data failed for target ZNF33B' Retry (9/10). Failure caused by AssertionError().
'WARNING: infer_data failed for target ZNF33B' Retry (10/10). Failure caused by AssertionError().
Finished training LNCaP_Clone10.csv
Saved network file!
'WARNING: infer_data failed for target ZNF33B' Retry (1/10). Failure caused by AssertionError().
'WARNING: infer_data failed for target ZNF33B' Retry (2/10). Failure caused by AssertionError().
'WARNING: infer_data failed for target ZNF33B' Retry (3/10). Failure caused by AssertionError().
'WARNING: infer_data failed for target ZNF33B' Retry (4/10). Failure caused by AssertionError().
'WARNING: infer_data failed for target ZNF33B' Retry (5/10). Failure caused by AssertionError().
'WARNING: infer_data failed for target ZNF33B' Retry (6/10). Failure caused by AssertionError().
'WARNING: infer_data failed for target ZNF33B' Retry (7/10). Failure caused by AssertionError().
'WARNING: infer_data failed for target ZNF33B' Retry (8/10). Failure caused by AssertionError().
'WARNING: infer_data failed for target ZNF33B' Retry (9/10). Failure caused by AssertionError().
'WARNING: infer_data failed for target ZNF33B' Retry (10/10). Failure caused by AssertionError().
'WARNING: infer_data failed for target ZNF33B' Retry (1/10). Failure caused by AssertionError().
'WARNING: infer_data failed for target ZNF33B' Retry (2/10). Failure caused by AssertionError().
'WARNING: infer_data failed for target ZNF33B' Retry (3/10). Failure caused by AssertionError().
'WARNING: infer_data failed for target ZNF33B' Retry (4/10). Failure caused by AssertionError().
'WARNING: infer_data failed for target ZNF33B' Retry (5/10). Failure caused by AssertionError().
'WARNING: infer_data failed for target ZNF33B' Retry (6/10). Failure caused by AssertionError().
'WARNING: infer_data failed for target ZNF33B' Retry (7/10). Failure caused by AssertionError().
'WARNING: infer_data failed for target ZNF33B' Retry (8/10). Failure caused by AssertionError().
'WARNING: infer_data failed for target ZNF33B' Retry (9/10). Failure caused by AssertionError().
'WARNING: infer_data failed for target ZNF33B' Retry (10/10). Failure caused by AssertionError().
Finished training LNCaP_timeseries.csv
Saved network file!
'WARNING: infer_data failed for target ZNF33B' Retry (1/10). Failure caused by AssertionError().
'WARNING: infer_data failed for target ZNF33B' Retry (2/10). Failure caused by AssertionError().
'WARNING: infer_data failed for target ZNF33B' Retry (3/10). Failure caused by AssertionError().
'WARNING: infer_data failed for target ZNF33B' Retry (4/10). Failure caused by AssertionError().
'WARNING: infer_data failed for target ZNF33B' Retry (5/10). Failure caused by AssertionError().
'WARNING: infer_data failed for target ZNF33B' Retry (6/10). Failure caused by AssertionError().
'WARNING: infer_data failed for target ZNF33B' Retry (7/10). Failure caused by AssertionError().
'WARNING: infer_data failed for target ZNF33B' Retry (8/10). Failure caused by AssertionError().
'WARNING: infer_data failed for target ZNF33B' Retry (9/10). Failure caused by AssertionError().
'WARNING: infer_data failed for target ZNF33B' Retry (10/10). Failure caused by AssertionError().
'WARNING: infer_data failed for target ZNF33B' Retry (1/10). Failure caused by AssertionError().
'WARNING: infer_data failed for target ZNF33B' Retry (2/10). Failure caused by AssertionError().
'WARNING: infer_data failed for target ZNF33B' Retry (3/10). Failure caused by AssertionError().
'WARNING: infer_data failed for target ZNF33B' Retry (4/10). Failure caused by AssertionError().
'WARNING: infer_data failed for target ZNF33B' Retry (5/10). Failure caused by AssertionError().
'WARNING: infer_data failed for target ZNF33B' Retry (6/10). Failure caused by AssertionError().
'WARNING: infer_data failed for target ZNF33B' Retry (7/10). Failure caused by AssertionError().
'WARNING: infer_data failed for target ZNF33B' Retry (8/10). Failure caused by AssertionError().
'WARNING: infer_data failed for target ZNF33B' Retry (9/10). Failure caused by AssertionError().
'WARNING: infer_data failed for target ZNF33B' Retry (10/10). Failure caused by AssertionError().
Finished training LNCaP_Clone03.csv
Saved network file!
'WARNING: infer_data failed for target ZNF33B' Retry (1/10). Failure caused by AssertionError().
'WARNING: infer_data failed for target ZNF33B' Retry (2/10). Failure caused by AssertionError().
'WARNING: infer_data failed for target ZNF33B' Retry (3/10). Failure caused by AssertionError().
'WARNING: infer_data failed for target ZNF33B' Retry (4/10). Failure caused by AssertionError().
'WARNING: infer_data failed for target ZNF33B' Retry (5/10). Failure caused by AssertionError().
'WARNING: infer_data failed for target ZNF33B' Retry (6/10). Failure caused by AssertionError().
'WARNING: infer_data failed for target ZNF33B' Retry (7/10). Failure caused by AssertionError().
'WARNING: infer_data failed for target ZNF33B' Retry (8/10). Failure caused by AssertionError().
'WARNING: infer_data failed for target ZNF33B' Retry (9/10). Failure caused by AssertionError().
'WARNING: infer_data failed for target ZNF33B' Retry (10/10). Failure caused by AssertionError().
'WARNING: infer_data failed for target ZNF33B' Retry (1/10). Failure caused by AssertionError().
'WARNING: infer_data failed for target ZNF33B' Retry (2/10). Failure caused by AssertionError().
'WARNING: infer_data failed for target ZNF33B' Retry (3/10). Failure caused by AssertionError().
'WARNING: infer_data failed for target ZNF33B' Retry (4/10). Failure caused by AssertionError().
'WARNING: infer_data failed for target ZNF33B' Retry (5/10). Failure caused by AssertionError().
'WARNING: infer_data failed for target ZNF33B' Retry (6/10). Failure caused by AssertionError().
'WARNING: infer_data failed for target ZNF33B' Retry (7/10). Failure caused by AssertionError().
'WARNING: infer_data failed for target ZNF33B' Retry (8/10). Failure caused by AssertionError().
'WARNING: infer_data failed for target ZNF33B' Retry (9/10). Failure caused by AssertionError().
'WARNING: infer_data failed for target ZNF33B' Retry (10/10). Failure caused by AssertionError().
Finished training LNCaP_Clone04.csv
Saved network file!
Loaded 1,189 genes with 29,100 edges.
Loaded 1,188 genes with 29,087 edges.
Loaded 1,189 genes with 121,511 edges.
Loaded 1,188 genes with 29,072 edges.
Loaded 1,189 genes with 29,101 edges.
Removing all edges with weight < 1...

Graph now has 1,189 genes and 14,827 edges.
Graph now has 1,188 genes and 14,995 edges.
Graph now has 1,189 genes and 25,790 edges.
Graph now has 1,188 genes and 15,147 edges.
Graph now has 1,189 genes and 14,701 edges.
Traceback (most recent call last):
  File "/home/users/jvs15/MachineLearningProstate/STAMPScreen/grn_centrality/grn_ensemble.py", line 124, in <module>
    run_tf_search()
  File "/home/users/jvs15/MachineLearningProstate/STAMPScreen/grn_centrality/grn_ensemble.py", line 89, in run_tf_search
    pr = nx.pagerank(G[i], alpha=0.85, max_iter=50, weight='importance')
  File "/home/users/jvs15/miniconda3/envs/moleculekit/lib/python3.9/site-packages/networkx/algorithms/link_analysis/pagerank_alg.py", line 108, in pagerank
    return pagerank_scipy(
  File "/home/users/jvs15/miniconda3/envs/moleculekit/lib/python3.9/site-packages/networkx/algorithms/link_analysis/pagerank_alg.py", line 469, in pagerank_scipy
    A = nx.to_scipy_sparse_array(G, nodelist=nodelist, weight=weight, dtype=float)
  File "/home/users/jvs15/miniconda3/envs/moleculekit/lib/python3.9/site-packages/networkx/convert_matrix.py", line 923, in to_scipy_sparse_array
    A = sp.sparse.coo_array((d, (r, c)), shape=(nlen, nlen), dtype=dtype)
AttributeError: module 'scipy.sparse' has no attribute 'coo_array'
